$ cargo install --locked swayrbar
    Updating crates.io index
  Downloaded swayrbar v0.4.0
  Downloaded 1 crate (37.1 KB) in 0.17s
  Installing swayrbar v0.4.0
    Updating crates.io index
    Updating crates.io index
  Downloaded autocfg v1.3.0
  Downloaded num-traits v0.2.19
  Downloaded swaybar-types v3.0.0
  Downloaded rayon-core v1.12.1
  Downloaded lazycell v1.3.0
  Downloaded either v1.13.0
  Downloaded crossbeam-deque v0.8.5
  Downloaded iana-time-zone v0.1.60
  Downloaded typenum v1.17.0
  Downloaded crossbeam-utils v0.8.20
  Downloaded battery v0.7.8
  Downloaded crossbeam-epoch v0.9.18
  Downloaded uom v0.30.0
  Downloaded sysinfo v0.31.2
  Downloaded rayon v1.10.0
  Downloaded syn v2.0.72
  Downloaded chrono v0.4.38
  Downloaded 17 crates (1.4 MB) in 0.51s
   Compiling proc-macro2 v1.0.86
   Compiling unicode-ident v1.0.12
   Compiling serde v1.0.204
   Compiling crossbeam-utils v0.8.20
   Compiling autocfg v1.3.0
   Compiling memchr v2.7.4
   Compiling serde_json v1.0.120
   Compiling libc v0.2.155
   Compiling utf8parse v0.2.2
   Compiling anstyle-parse v0.2.4
   Compiling anstyle v1.0.7
   Compiling colorchoice v1.0.1
   Compiling ryu v1.0.18
   Compiling typenum v1.17.0
   Compiling thiserror v1.0.61
   Compiling num-traits v0.2.19
   Compiling itoa v1.0.11
   Compiling anstyle-query v1.1.0
   Compiling rayon-core v1.12.1
   Compiling is_terminal_polyfill v1.70.0
   Compiling anstream v0.6.14
   Compiling aho-corasick v1.1.3
   Compiling quote v1.0.36
   Compiling crossbeam-epoch v0.9.18
   Compiling syn v2.0.72
   Compiling crossbeam-deque v0.8.5
   Compiling regex-syntax v0.8.4
   Compiling hashbrown v0.14.5
   Compiling equivalent v1.0.1
   Compiling battery v0.7.8
   Compiling clap_lex v0.7.1
   Compiling log v0.4.22
   Compiling strsim v0.11.1
   Compiling indexmap v2.2.6
   Compiling heck v0.5.0
   Compiling option-ext v0.2.0
   Compiling either v1.13.0
   Compiling winnow v0.6.13
   Compiling rayon v1.10.0
   Compiling dirs-sys v0.4.1
   Compiling clap_builder v4.5.8
   Compiling regex-automata v0.4.7
   Compiling env_filter v0.1.0
   Compiling uom v0.30.0
   Compiling humantime v2.1.0
   Compiling iana-time-zone v0.1.60
   Compiling lazycell v1.3.0
   Compiling lazy_static v1.5.0
   Compiling cfg-if v1.0.0
   Compiling chrono v0.4.38
   Compiling sysinfo v0.31.2
   Compiling serde_derive v1.0.204
   Compiling thiserror-impl v1.0.61
   Compiling regex v1.10.5
   Compiling clap_derive v4.5.8
   Compiling rt-format v0.3.1
   Compiling env_logger v0.11.3
   Compiling directories v5.0.1
   Compiling serde_spanned v0.6.6
   Compiling toml_datetime v0.6.6
   Compiling toml_edit v0.22.14
   Compiling once_cell v1.19.0
   Compiling clap v4.5.8
   Compiling swayipc-types v1.3.2
   Compiling swaybar-types v3.0.0
   Compiling swayipc v3.0.2
   Compiling toml v0.8.14
   Compiling swayrbar v0.4.0
    Finished `release` profile [optimized] target(s) in 52.28s
  Installing /usr/local/cargo/bin/swayrbar
   Installed package `swayrbar v0.4.0` (executable `swayrbar`)
